2015-09-19 14:46:39.788  INFO 2724 --- [main] com.bogle.Application                    : Starting Application on DESKTOP-N3DOF71 with PID 2724 (started by lenovo in E:\Program Files (x86)\Project\IdeaProjects\bogle)
2015-09-19 14:46:39.909  INFO 2724 --- [main] ationConfigEmbeddedWebApplicationContext : Refreshing org.springframework.boot.context.embedded.AnnotationConfigEmbeddedWebApplicationContext@72bc6553: startup date [Sat Sep 19 14:46:39 CST 2015]; root of context hierarchy
2015-09-19 14:46:42.717  INFO 2724 --- [main] o.s.b.f.s.DefaultListableBeanFactory     : Overriding bean definition for bean 'beanNameViewResolver': replacing [Root bean: class [null]; scope=; abstract=false; lazyInit=false; autowireMode=3; dependencyCheck=0; autowireCandidate=true; primary=false; factoryBeanName=org.springframework.boot.autoconfigure.web.ErrorMvcAutoConfiguration$WhitelabelErrorViewConfiguration; factoryMethodName=beanNameViewResolver; initMethodName=null; destroyMethodName=(inferred); defined in class path resource [org/springframework/boot/autoconfigure/web/ErrorMvcAutoConfiguration$WhitelabelErrorViewConfiguration.class]] with [Root bean: class [null]; scope=; abstract=false; lazyInit=false; autowireMode=3; dependencyCheck=0; autowireCandidate=true; primary=false; factoryBeanName=org.springframework.boot.autoconfigure.web.WebMvcAutoConfiguration$WebMvcAutoConfigurationAdapter; factoryMethodName=beanNameViewResolver; initMethodName=null; destroyMethodName=(inferred); defined in class path resource [org/springframework/boot/autoconfigure/web/WebMvcAutoConfiguration$WebMvcAutoConfigurationAdapter.class]]
2015-09-19 14:46:44.572  INFO 2724 --- [main] s.b.c.e.t.TomcatEmbeddedServletContainer : Tomcat initialized with port(s): 8081 (http)
2015-09-19 14:46:45.226  INFO 2724 --- [main] o.apache.catalina.core.StandardService   : Starting service Tomcat
2015-09-19 14:46:45.230  INFO 2724 --- [main] org.apache.catalina.core.StandardEngine  : Starting Servlet Engine: Apache Tomcat/7.0.59
2015-09-19 14:46:45.630  INFO 2724 --- [localhost-startStop-1] o.a.c.c.C.[Tomcat].[localhost].[/]       : Initializing Spring embedded WebApplicationContext
2015-09-19 14:46:45.631  INFO 2724 --- [localhost-startStop-1] o.s.web.context.ContextLoader            : Root WebApplicationContext: initialization completed in 5728 ms
2015-09-19 14:46:46.936  INFO 2724 --- [localhost-startStop-1] com.bogle.erp.config.WebConfigurer       : Web application configuration, using profiles: [dev]
2015-09-19 14:46:46.943  INFO 2724 --- [localhost-startStop-1] com.bogle.erp.config.WebConfigurer       : Web application fully configured
2015-09-19 14:46:46.944  INFO 2724 --- [localhost-startStop-1] o.s.b.c.e.ServletRegistrationBean        : Mapping servlet: 'dispatcherServlet' to [/]
2015-09-19 14:46:46.945  INFO 2724 --- [localhost-startStop-1] o.s.b.c.embedded.FilterRegistrationBean  : Mapping filter: 'characterEncodingFilter' to: [/*]
2015-09-19 14:46:46.946  INFO 2724 --- [localhost-startStop-1] o.s.b.c.embedded.FilterRegistrationBean  : Mapping filter: 'hiddenHttpMethodFilter' to: [/*]
2015-09-19 14:46:47.791  INFO 2724 --- [main] s.w.s.m.m.a.RequestMappingHandlerAdapter : Looking for @ControllerAdvice: org.springframework.boot.context.embedded.AnnotationConfigEmbeddedWebApplicationContext@72bc6553: startup date [Sat Sep 19 14:46:39 CST 2015]; root of context hierarchy
2015-09-19 14:46:48.102  INFO 2724 --- [main] s.w.s.m.m.a.RequestMappingHandlerMapping : Mapped "{[/error]}" onto public org.springframework.http.ResponseEntity<java.util.Map<java.lang.String, java.lang.Object>> org.springframework.boot.autoconfigure.web.BasicErrorController.error(javax.servlet.http.HttpServletRequest)
2015-09-19 14:46:48.103  INFO 2724 --- [main] s.w.s.m.m.a.RequestMappingHandlerMapping : Mapped "{[/error],produces=[text/html]}" onto public org.springframework.web.servlet.ModelAndView org.springframework.boot.autoconfigure.web.BasicErrorController.errorHtml(javax.servlet.http.HttpServletRequest)
2015-09-19 14:46:48.230  INFO 2724 --- [main] o.s.w.s.handler.SimpleUrlHandlerMapping  : Mapped URL path [/webjars/**] onto handler of type [class org.springframework.web.servlet.resource.ResourceHttpRequestHandler]
2015-09-19 14:46:48.231  INFO 2724 --- [main] o.s.w.s.handler.SimpleUrlHandlerMapping  : Mapped URL path [/**] onto handler of type [class org.springframework.web.servlet.resource.ResourceHttpRequestHandler]
2015-09-19 14:46:48.387  INFO 2724 --- [main] o.s.w.s.handler.SimpleUrlHandlerMapping  : Mapped URL path [/**/favicon.ico] onto handler of type [class org.springframework.web.servlet.resource.ResourceHttpRequestHandler]
2015-09-19 14:46:48.634  INFO 2724 --- [main] o.s.j.e.a.AnnotationMBeanExporter        : Registering beans for JMX exposure on startup
2015-09-19 14:46:48.726 ERROR 2724 --- [main] o.a.coyote.http11.Http11NioProtocol      : Failed to start end point associated with ProtocolHandler ["http-nio-8081"]

java.net.BindException: Address already in use: bind
	at sun.nio.ch.Net.bind0(Native Method)
	at sun.nio.ch.Net.bind(Net.java:433)
	at sun.nio.ch.Net.bind(Net.java:425)
	at sun.nio.ch.ServerSocketChannelImpl.bind(ServerSocketChannelImpl.java:223)
	at sun.nio.ch.ServerSocketAdaptor.bind(ServerSocketAdaptor.java:74)
	at org.apache.tomcat.util.net.NioEndpoint.bind(NioEndpoint.java:473)
	at org.apache.tomcat.util.net.AbstractEndpoint.start(AbstractEndpoint.java:653)
	at org.apache.coyote.AbstractProtocol.start(AbstractProtocol.java:449)
	at org.apache.catalina.connector.Connector.startInternal(Connector.java:1007)
	at org.apache.catalina.util.LifecycleBase.start(LifecycleBase.java:150)
	at org.apache.catalina.core.StandardService.addConnector(StandardService.java:241)
	at org.springframework.boot.context.embedded.tomcat.TomcatEmbeddedServletContainer.addPreviouslyRemovedConnectors(TomcatEmbeddedServletContainer.java:186)
	at org.springframework.boot.context.embedded.tomcat.TomcatEmbeddedServletContainer.start(TomcatEmbeddedServletContainer.java:149)
	at org.springframework.boot.context.embedded.EmbeddedWebApplicationContext.startEmbeddedServletContainer(EmbeddedWebApplicationContext.java:288)
	at org.springframework.boot.context.embedded.EmbeddedWebApplicationContext.finishRefresh(EmbeddedWebApplicationContext.java:141)
	at org.springframework.context.support.AbstractApplicationContext.refresh(AbstractApplicationContext.java:483)
	at org.springframework.boot.context.embedded.EmbeddedWebApplicationContext.refresh(EmbeddedWebApplicationContext.java:118)
	at org.springframework.boot.SpringApplication.refresh(SpringApplication.java:686)
	at org.springframework.boot.SpringApplication.run(SpringApplication.java:320)
	at com.bogle.Application.main(Application.java:35)

2015-09-19 14:46:48.730 ERROR 2724 --- [main] o.apache.catalina.core.StandardService   : Failed to start connector [Connector[org.apache.coyote.http11.Http11NioProtocol-8081]]

org.apache.catalina.LifecycleException: Failed to start component [Connector[org.apache.coyote.http11.Http11NioProtocol-8081]]
	at org.apache.catalina.util.LifecycleBase.start(LifecycleBase.java:154)
	at org.apache.catalina.core.StandardService.addConnector(StandardService.java:241)
	at org.springframework.boot.context.embedded.tomcat.TomcatEmbeddedServletContainer.addPreviouslyRemovedConnectors(TomcatEmbeddedServletContainer.java:186)
	at org.springframework.boot.context.embedded.tomcat.TomcatEmbeddedServletContainer.start(TomcatEmbeddedServletContainer.java:149)
	at org.springframework.boot.context.embedded.EmbeddedWebApplicationContext.startEmbeddedServletContainer(EmbeddedWebApplicationContext.java:288)
	at org.springframework.boot.context.embedded.EmbeddedWebApplicationContext.finishRefresh(EmbeddedWebApplicationContext.java:141)
	at org.springframework.context.support.AbstractApplicationContext.refresh(AbstractApplicationContext.java:483)
	at org.springframework.boot.context.embedded.EmbeddedWebApplicationContext.refresh(EmbeddedWebApplicationContext.java:118)
	at org.springframework.boot.SpringApplication.refresh(SpringApplication.java:686)
	at org.springframework.boot.SpringApplication.run(SpringApplication.java:320)
	at com.bogle.Application.main(Application.java:35)
Caused by: org.apache.catalina.LifecycleException: service.getName(): "Tomcat";  Protocol handler start failed
	at org.apache.catalina.connector.Connector.startInternal(Connector.java:1014)
	at org.apache.catalina.util.LifecycleBase.start(LifecycleBase.java:150)
	... 10 common frames omitted
Caused by: java.net.BindException: Address already in use: bind
	at sun.nio.ch.Net.bind0(Native Method)
	at sun.nio.ch.Net.bind(Net.java:433)
	at sun.nio.ch.Net.bind(Net.java:425)
	at sun.nio.ch.ServerSocketChannelImpl.bind(ServerSocketChannelImpl.java:223)
	at sun.nio.ch.ServerSocketAdaptor.bind(ServerSocketAdaptor.java:74)
	at org.apache.tomcat.util.net.NioEndpoint.bind(NioEndpoint.java:473)
	at org.apache.tomcat.util.net.AbstractEndpoint.start(AbstractEndpoint.java:653)
	at org.apache.coyote.AbstractProtocol.start(AbstractProtocol.java:449)
	at org.apache.catalina.connector.Connector.startInternal(Connector.java:1007)
	... 11 common frames omitted

2015-09-19 14:46:48.750  INFO 2724 --- [main] o.apache.catalina.core.StandardService   : Stopping service Tomcat
2015-09-19 14:46:48.776  INFO 2724 --- [main] .b.l.ClasspathLoggingApplicationListener : Application failed to start with classpath: [file:/D:/Program%20Files%20(x86)/Java/jdk1.8.0_60/jre/lib/charsets.jar, file:/D:/Program%20Files%20(x86)/Java/jdk1.8.0_60/jre/lib/deploy.jar, file:/D:/Program%20Files%20(x86)/Java/jdk1.8.0_60/jre/lib/javaws.jar, file:/D:/Program%20Files%20(x86)/Java/jdk1.8.0_60/jre/lib/jce.jar, file:/D:/Program%20Files%20(x86)/Java/jdk1.8.0_60/jre/lib/jfr.jar, file:/D:/Program%20Files%20(x86)/Java/jdk1.8.0_60/jre/lib/jfxswt.jar, file:/D:/Program%20Files%20(x86)/Java/jdk1.8.0_60/jre/lib/jsse.jar, file:/D:/Program%20Files%20(x86)/Java/jdk1.8.0_60/jre/lib/management-agent.jar, file:/D:/Program%20Files%20(x86)/Java/jdk1.8.0_60/jre/lib/plugin.jar, file:/D:/Program%20Files%20(x86)/Java/jdk1.8.0_60/jre/lib/resources.jar, file:/D:/Program%20Files%20(x86)/Java/jdk1.8.0_60/jre/lib/rt.jar, file:/D:/Program%20Files%20(x86)/Java/jdk1.8.0_60/jre/lib/ext/access-bridge-64.jar, file:/D:/Program%20Files%20(x86)/Java/jdk1.8.0_60/jre/lib/ext/cldrdata.jar, file:/D:/Program%20Files%20(x86)/Java/jdk1.8.0_60/jre/lib/ext/dnsns.jar, file:/D:/Program%20Files%20(x86)/Java/jdk1.8.0_60/jre/lib/ext/jaccess.jar, file:/D:/Program%20Files%20(x86)/Java/jdk1.8.0_60/jre/lib/ext/jfxrt.jar, file:/D:/Program%20Files%20(x86)/Java/jdk1.8.0_60/jre/lib/ext/localedata.jar, file:/D:/Program%20Files%20(x86)/Java/jdk1.8.0_60/jre/lib/ext/nashorn.jar, file:/D:/Program%20Files%20(x86)/Java/jdk1.8.0_60/jre/lib/ext/sunec.jar, file:/D:/Program%20Files%20(x86)/Java/jdk1.8.0_60/jre/lib/ext/sunjce_provider.jar, file:/D:/Program%20Files%20(x86)/Java/jdk1.8.0_60/jre/lib/ext/sunmscapi.jar, file:/D:/Program%20Files%20(x86)/Java/jdk1.8.0_60/jre/lib/ext/sunpkcs11.jar, file:/D:/Program%20Files%20(x86)/Java/jdk1.8.0_60/jre/lib/ext/zipfs.jar, file:/E:/Program%20Files%20(x86)/Project/IdeaProjects/bogle/standard/erp-front/target/classes/, file:/D:/Program%20Files%20(x86)/tools/apache-maven-3.3.3/repo/javax/servlet/javax.servlet-api/3.1.0/javax.servlet-api-3.1.0.jar, file:/D:/Program%20Files%20(x86)/tools/apache-maven-3.3.3/repo/org/springframework/boot/spring-boot-starter-web/1.2.5.RELEASE/spring-boot-starter-web-1.2.5.RELEASE.jar, file:/D:/Program%20Files%20(x86)/tools/apache-maven-3.3.3/repo/org/springframework/boot/spring-boot-starter/1.2.5.RELEASE/spring-boot-starter-1.2.5.RELEASE.jar, file:/D:/Program%20Files%20(x86)/tools/apache-maven-3.3.3/repo/org/springframework/boot/spring-boot/1.2.5.RELEASE/spring-boot-1.2.5.RELEASE.jar, file:/D:/Program%20Files%20(x86)/tools/apache-maven-3.3.3/repo/org/springframework/boot/spring-boot-autoconfigure/1.2.5.RELEASE/spring-boot-autoconfigure-1.2.5.RELEASE.jar, file:/D:/Program%20Files%20(x86)/tools/apache-maven-3.3.3/repo/org/springframework/boot/spring-boot-starter-logging/1.2.5.RELEASE/spring-boot-starter-logging-1.2.5.RELEASE.jar, file:/D:/Program%20Files%20(x86)/tools/apache-maven-3.3.3/repo/org/slf4j/jcl-over-slf4j/1.7.12/jcl-over-slf4j-1.7.12.jar, file:/D:/Program%20Files%20(x86)/tools/apache-maven-3.3.3/repo/org/slf4j/slf4j-api/1.7.12/slf4j-api-1.7.12.jar, file:/D:/Program%20Files%20(x86)/tools/apache-maven-3.3.3/repo/org/slf4j/jul-to-slf4j/1.7.12/jul-to-slf4j-1.7.12.jar, file:/D:/Program%20Files%20(x86)/tools/apache-maven-3.3.3/repo/org/slf4j/log4j-over-slf4j/1.7.12/log4j-over-slf4j-1.7.12.jar, file:/D:/Program%20Files%20(x86)/tools/apache-maven-3.3.3/repo/ch/qos/logback/logback-classic/1.1.3/logback-classic-1.1.3.jar, file:/D:/Program%20Files%20(x86)/tools/apache-maven-3.3.3/repo/ch/qos/logback/logback-core/1.1.3/logback-core-1.1.3.jar, file:/D:/Program%20Files%20(x86)/tools/apache-maven-3.3.3/repo/org/yaml/snakeyaml/1.14/snakeyaml-1.14.jar, file:/D:/Program%20Files%20(x86)/tools/apache-maven-3.3.3/repo/org/springframework/boot/spring-boot-starter-tomcat/1.2.5.RELEASE/spring-boot-starter-tomcat-1.2.5.RELEASE.jar, file:/D:/Program%20Files%20(x86)/tools/apache-maven-3.3.3/repo/org/apache/tomcat/embed/tomcat-embed-core/7.0.59/tomcat-embed-core-7.0.59.jar, file:/D:/Program%20Files%20(x86)/tools/apache-maven-3.3.3/repo/org/apache/tomcat/embed/tomcat-embed-el/7.0.59/tomcat-embed-el-7.0.59.jar, file:/D:/Program%20Files%20(x86)/tools/apache-maven-3.3.3/repo/org/apache/tomcat/embed/tomcat-embed-logging-juli/7.0.59/tomcat-embed-logging-juli-7.0.59.jar, file:/D:/Program%20Files%20(x86)/tools/apache-maven-3.3.3/repo/org/apache/tomcat/embed/tomcat-embed-websocket/7.0.59/tomcat-embed-websocket-7.0.59.jar, file:/D:/Program%20Files%20(x86)/tools/apache-maven-3.3.3/repo/com/fasterxml/jackson/core/jackson-databind/2.4.6/jackson-databind-2.4.6.jar, file:/D:/Program%20Files%20(x86)/tools/apache-maven-3.3.3/repo/com/fasterxml/jackson/core/jackson-annotations/2.4.6/jackson-annotations-2.4.6.jar, file:/D:/Program%20Files%20(x86)/tools/apache-maven-3.3.3/repo/com/fasterxml/jackson/core/jackson-core/2.4.6/jackson-core-2.4.6.jar, file:/D:/Program%20Files%20(x86)/tools/apache-maven-3.3.3/repo/org/hibernate/hibernate-validator/5.1.3.Final/hibernate-validator-5.1.3.Final.jar, file:/D:/Program%20Files%20(x86)/tools/apache-maven-3.3.3/repo/javax/validation/validation-api/1.1.0.Final/validation-api-1.1.0.Final.jar, file:/D:/Program%20Files%20(x86)/tools/apache-maven-3.3.3/repo/org/jboss/logging/jboss-logging/3.1.3.GA/jboss-logging-3.1.3.GA.jar, file:/D:/Program%20Files%20(x86)/tools/apache-maven-3.3.3/repo/com/fasterxml/classmate/1.0.0/classmate-1.0.0.jar, file:/D:/Program%20Files%20(x86)/tools/apache-maven-3.3.3/repo/org/springframework/spring-core/4.1.7.RELEASE/spring-core-4.1.7.RELEASE.jar, file:/D:/Program%20Files%20(x86)/tools/apache-maven-3.3.3/repo/org/springframework/spring-web/4.1.7.RELEASE/spring-web-4.1.7.RELEASE.jar, file:/D:/Program%20Files%20(x86)/tools/apache-maven-3.3.3/repo/org/springframework/spring-aop/4.1.7.RELEASE/spring-aop-4.1.7.RELEASE.jar, file:/D:/Program%20Files%20(x86)/tools/apache-maven-3.3.3/repo/aopalliance/aopalliance/1.0/aopalliance-1.0.jar, file:/D:/Program%20Files%20(x86)/tools/apache-maven-3.3.3/repo/org/springframework/spring-beans/4.1.7.RELEASE/spring-beans-4.1.7.RELEASE.jar, file:/D:/Program%20Files%20(x86)/tools/apache-maven-3.3.3/repo/org/springframework/spring-context/4.1.7.RELEASE/spring-context-4.1.7.RELEASE.jar, file:/D:/Program%20Files%20(x86)/tools/apache-maven-3.3.3/repo/org/springframework/spring-webmvc/4.1.7.RELEASE/spring-webmvc-4.1.7.RELEASE.jar, file:/D:/Program%20Files%20(x86)/tools/apache-maven-3.3.3/repo/org/springframework/spring-expression/4.1.7.RELEASE/spring-expression-4.1.7.RELEASE.jar, file:/D:/Program%20Files%20(x86)/tools/apache-maven-3.3.3/repo/commons-lang/commons-lang/2.6/commons-lang-2.6.jar, file:/D:/Program%20Files%20(x86)/JetBrains/IntelliJ%20IDEA%2014.1.4/lib/idea_rt.jar]
2015-09-19 14:46:48.777  INFO 2724 --- [main] utoConfigurationReportLoggingInitializer : 

Error starting ApplicationContext. To display the auto-configuration report enable debug logging (start with --debug)


2015-09-19 14:46:48.778 ERROR 2724 --- [main] o.s.boot.SpringApplication               : Application startup failed

java.lang.IllegalStateException: Tomcat connector in failed state
	at org.springframework.boot.context.embedded.tomcat.TomcatEmbeddedServletContainer.start(TomcatEmbeddedServletContainer.java:157)
	at org.springframework.boot.context.embedded.EmbeddedWebApplicationContext.startEmbeddedServletContainer(EmbeddedWebApplicationContext.java:288)
	at org.springframework.boot.context.embedded.EmbeddedWebApplicationContext.finishRefresh(EmbeddedWebApplicationContext.java:141)
	at org.springframework.context.support.AbstractApplicationContext.refresh(AbstractApplicationContext.java:483)
	at org.springframework.boot.context.embedded.EmbeddedWebApplicationContext.refresh(EmbeddedWebApplicationContext.java:118)
	at org.springframework.boot.SpringApplication.refresh(SpringApplication.java:686)
	at org.springframework.boot.SpringApplication.run(SpringApplication.java:320)
	at com.bogle.Application.main(Application.java:35)

2015-09-19 14:46:48.779  INFO 2724 --- [main] ationConfigEmbeddedWebApplicationContext : Closing org.springframework.boot.context.embedded.AnnotationConfigEmbeddedWebApplicationContext@72bc6553: startup date [Sat Sep 19 14:46:39 CST 2015]; root of context hierarchy
2015-09-19 14:46:48.785  INFO 2724 --- [main] o.s.j.e.a.AnnotationMBeanExporter        : Unregistering JMX-exposed beans on shutdown
2015-09-19 14:47:21.666  INFO 8640 --- [main] com.bogle.Application                    : Starting Application on DESKTOP-N3DOF71 with PID 8640 (started by lenovo in E:\Program Files (x86)\Project\IdeaProjects\bogle)
2015-09-19 14:47:21.788  INFO 8640 --- [main] ationConfigEmbeddedWebApplicationContext : Refreshing org.springframework.boot.context.embedded.AnnotationConfigEmbeddedWebApplicationContext@72bc6553: startup date [Sat Sep 19 14:47:21 CST 2015]; root of context hierarchy
2015-09-19 14:47:24.599  INFO 8640 --- [main] o.s.b.f.s.DefaultListableBeanFactory     : Overriding bean definition for bean 'beanNameViewResolver': replacing [Root bean: class [null]; scope=; abstract=false; lazyInit=false; autowireMode=3; dependencyCheck=0; autowireCandidate=true; primary=false; factoryBeanName=org.springframework.boot.autoconfigure.web.ErrorMvcAutoConfiguration$WhitelabelErrorViewConfiguration; factoryMethodName=beanNameViewResolver; initMethodName=null; destroyMethodName=(inferred); defined in class path resource [org/springframework/boot/autoconfigure/web/ErrorMvcAutoConfiguration$WhitelabelErrorViewConfiguration.class]] with [Root bean: class [null]; scope=; abstract=false; lazyInit=false; autowireMode=3; dependencyCheck=0; autowireCandidate=true; primary=false; factoryBeanName=org.springframework.boot.autoconfigure.web.WebMvcAutoConfiguration$WebMvcAutoConfigurationAdapter; factoryMethodName=beanNameViewResolver; initMethodName=null; destroyMethodName=(inferred); defined in class path resource [org/springframework/boot/autoconfigure/web/WebMvcAutoConfiguration$WebMvcAutoConfigurationAdapter.class]]
2015-09-19 14:47:26.402  INFO 8640 --- [main] s.b.c.e.t.TomcatEmbeddedServletContainer : Tomcat initialized with port(s): 8082 (http)
2015-09-19 14:47:26.924  INFO 8640 --- [main] o.apache.catalina.core.StandardService   : Starting service Tomcat
2015-09-19 14:47:26.928  INFO 8640 --- [main] org.apache.catalina.core.StandardEngine  : Starting Servlet Engine: Apache Tomcat/7.0.59
2015-09-19 14:47:27.429  INFO 8640 --- [localhost-startStop-1] o.a.c.c.C.[Tomcat].[localhost].[/]       : Initializing Spring embedded WebApplicationContext
2015-09-19 14:47:27.430  INFO 8640 --- [localhost-startStop-1] o.s.web.context.ContextLoader            : Root WebApplicationContext: initialization completed in 5650 ms
2015-09-19 14:47:28.655  INFO 8640 --- [localhost-startStop-1] com.bogle.erp.config.WebConfigurer       : Web application configuration, using profiles: [dev]
2015-09-19 14:47:28.662  INFO 8640 --- [localhost-startStop-1] com.bogle.erp.config.WebConfigurer       : Web application fully configured
2015-09-19 14:47:28.662  INFO 8640 --- [localhost-startStop-1] o.s.b.c.e.ServletRegistrationBean        : Mapping servlet: 'dispatcherServlet' to [/]
2015-09-19 14:47:28.664  INFO 8640 --- [localhost-startStop-1] o.s.b.c.embedded.FilterRegistrationBean  : Mapping filter: 'characterEncodingFilter' to: [/*]
2015-09-19 14:47:28.664  INFO 8640 --- [localhost-startStop-1] o.s.b.c.embedded.FilterRegistrationBean  : Mapping filter: 'hiddenHttpMethodFilter' to: [/*]
2015-09-19 14:47:29.539  INFO 8640 --- [main] s.w.s.m.m.a.RequestMappingHandlerAdapter : Looking for @ControllerAdvice: org.springframework.boot.context.embedded.AnnotationConfigEmbeddedWebApplicationContext@72bc6553: startup date [Sat Sep 19 14:47:21 CST 2015]; root of context hierarchy
2015-09-19 14:47:29.696  INFO 8640 --- [main] s.w.s.m.m.a.RequestMappingHandlerMapping : Mapped "{[/error]}" onto public org.springframework.http.ResponseEntity<java.util.Map<java.lang.String, java.lang.Object>> org.springframework.boot.autoconfigure.web.BasicErrorController.error(javax.servlet.http.HttpServletRequest)
2015-09-19 14:47:29.697  INFO 8640 --- [main] s.w.s.m.m.a.RequestMappingHandlerMapping : Mapped "{[/error],produces=[text/html]}" onto public org.springframework.web.servlet.ModelAndView org.springframework.boot.autoconfigure.web.BasicErrorController.errorHtml(javax.servlet.http.HttpServletRequest)
2015-09-19 14:47:29.812  INFO 8640 --- [main] o.s.w.s.handler.SimpleUrlHandlerMapping  : Mapped URL path [/webjars/**] onto handler of type [class org.springframework.web.servlet.resource.ResourceHttpRequestHandler]
2015-09-19 14:47:29.813  INFO 8640 --- [main] o.s.w.s.handler.SimpleUrlHandlerMapping  : Mapped URL path [/**] onto handler of type [class org.springframework.web.servlet.resource.ResourceHttpRequestHandler]
2015-09-19 14:47:29.919  INFO 8640 --- [main] o.s.w.s.handler.SimpleUrlHandlerMapping  : Mapped URL path [/**/favicon.ico] onto handler of type [class org.springframework.web.servlet.resource.ResourceHttpRequestHandler]
2015-09-19 14:47:30.348  INFO 8640 --- [main] o.s.j.e.a.AnnotationMBeanExporter        : Registering beans for JMX exposure on startup
2015-09-19 14:47:30.515  INFO 8640 --- [main] s.b.c.e.t.TomcatEmbeddedServletContainer : Tomcat started on port(s): 8082 (http)
2015-09-19 14:47:30.519  INFO 8640 --- [main] com.bogle.Application                    : Started Application in 9.737 seconds (JVM running for 11.009)
2015-09-19 14:47:30.522  INFO 8640 --- [main] com.bogle.Application                    : Access URLs:
----------------------------------------------------------
	Local: 		http://127.0.0.1:8082
	External: 	http://192.168.1.52:8082
----------------------------------------------------------
2015-09-19 14:47:34.970  INFO 8640 --- [http-nio-8082-exec-1] o.a.c.c.C.[Tomcat].[localhost].[/]       : Initializing Spring FrameworkServlet 'dispatcherServlet'
2015-09-19 14:47:34.970  INFO 8640 --- [http-nio-8082-exec-1] o.s.web.servlet.DispatcherServlet        : FrameworkServlet 'dispatcherServlet': initialization started
2015-09-19 14:47:34.999  INFO 8640 --- [http-nio-8082-exec-1] o.s.web.servlet.DispatcherServlet        : FrameworkServlet 'dispatcherServlet': initialization completed in 29 ms
